                _._                                                  
           _.-``__ ''-._                                             
      _.-``    `.  `_.  ''-._           Redis 3.2.100 (00000000/0) 64 bit
  .-`` .-```.  ```\/    _.,_ ''-._                                   
 (    '      ,       .-`  | `,    )     Running in standalone mode
 |`-._`-...-` __...-.``-._|'` _.-'|     Port: 6380
 |    `-._   `._    /     _.-'    |     PID: 16496
  `-._    `-._  `-./  _.-'    _.-'                                   
 |`-._`-._    `-.__.-'    _.-'_.-'|                                  
 |    `-._`-._        _.-'_.-'    |           http://redis.io        
  `-._    `-._`-.__.-'_.-'    _.-'                                   
 |`-._`-._    `-.__.-'    _.-'_.-'|                                  
 |    `-._`-._        _.-'_.-'    |                                  
  `-._    `-._`-.__.-'_.-'    _.-'                                   
      `-._    `-.__.-'    _.-'                                       
          `-._        _.-'                                           
              `-.__.-'                                               

[16496] 26 Sep 15:24:55.253 # Server started, Redis version 3.2.100
[16496] 26 Sep 15:24:55.253 * DB loaded from append only file: 0.000 seconds
[16496] 26 Sep 15:24:55.253 * The server is now ready to accept connections on port 6380
[16496] 26 Sep 15:24:55.447 * Slave 127.0.0.1:63801 asks for synchronization
[16496] 26 Sep 15:24:55.447 * Partial resynchronization not accepted: Runid mismatch (Client asked for runid '541cb48f822be7d4538800c22820e21f51a62b1e', my runid is '28907bb5c1962ee11946b7bc6269b77378d66ffb')
[16496] 26 Sep 15:24:55.447 * Starting BGSAVE for SYNC with target: disk
[16496] 26 Sep 15:24:55.587 * Background saving started by pid 13680
[16496] 26 Sep 15:24:55.789 # fork operation complete
[16496] 26 Sep 15:24:55.890 * Background saving terminated with success
[16496] 26 Sep 15:24:55.894 * Synchronization with slave 127.0.0.1:63801 succeeded
